<?xml version="1.0" encoding="UTF-8"?>
<!-- Generated by org.testng.reporters.JUnitReportReporter -->
<testsuite hostname="Amra" name="com.maven.database.ReadDatabase" tests="1" failures="0" timestamp="31 Aug 2017 10:09:38 GMT" time="0.243" errors="0">
  <testcase name="getDatafromDatabase" time="0.243" classname="com.maven.database.ReadDatabase"/>
</testsuite> <!-- com.maven.database.ReadDatabase -->
