<?xml version="1.0" encoding="UTF-8"?>
<!-- Generated by org.testng.reporters.JUnitReportReporter -->
<testsuite hostname="Amra" name="com.database.DatabaseTesting" tests="1" failures="0" timestamp="31 Aug 2017 10:03:54 GMT" time="0.281" errors="0">
  <testcase name="getDatafromDatabase" time="0.281" classname="com.database.DatabaseTesting"/>
</testsuite> <!-- com.database.DatabaseTesting -->
