<?xml version="1.0" encoding="UTF-8"?>
<!-- Generated by org.testng.reporters.JUnitReportReporter -->
<testsuite hostname="Amra" name="com.maven.selenium.WebdriverTest" tests="1" failures="0" timestamp="17 Aug 2017 12:31:43 GMT" time="7.952" errors="0">
  <testcase name="verifySearch" time="7.952" classname="com.maven.selenium.WebdriverTest"/>
</testsuite> <!-- com.maven.selenium.WebdriverTest -->
