<?xml version="1.0" encoding="UTF-8"?>
<!-- Generated by org.testng.reporters.JUnitReportReporter -->
<testsuite hostname="Amra" name="com.maven.selenium.Screenshot" tests="1" failures="0" timestamp="21 Aug 2017 07:07:36 GMT" time="40.890" errors="0">
  <testcase name="takescreenshot" time="40.890" classname="com.maven.selenium.Screenshot"/>
</testsuite> <!-- com.maven.selenium.Screenshot -->
