<?xml version="1.0" encoding="UTF-8"?>
<!-- Generated by org.testng.reporters.JUnitReportReporter -->
<testsuite hostname="Amra" name="com.maven.selenium.FireFoxProfile" tests="1" failures="0" timestamp="21 Aug 2017 07:17:03 GMT" time="17.803" errors="0">
  <testcase name="firefoxTest" time="17.803" classname="com.maven.selenium.FireFoxProfile"/>
</testsuite> <!-- com.maven.selenium.FireFoxProfile -->
