<?xml version="1.0" encoding="UTF-8"?>
<!-- Generated by org.testng.reporters.JUnitReportReporter -->
<testsuite hostname="Amra" name="com.excel.TestCase" tests="1" failures="0" timestamp="29 Aug 2017 10:49:18 GMT" time="4.965" errors="0">
  <testcase name="loginPageTest" time="4.965" classname="com.excel.TestCase"/>
</testsuite> <!-- com.excel.TestCase -->
