<?xml version="1.0" encoding="UTF-8"?>
<!-- Generated by org.testng.reporters.JUnitReportReporter -->
<testsuite hostname="Amra" name="com.maven.framework.TestCase" tests="2" failures="0" timestamp="29 Aug 2017 09:32:07 GMT" time="0.934" errors="0">
  <testcase name="SignUpTest" time="0.856" classname="com.maven.framework.TestCase"/>
  <testcase name="SecondPageTest" time="0.078" classname="com.maven.framework.TestCase"/>
</testsuite> <!-- com.maven.framework.TestCase -->
