<?xml version="1.0" encoding="UTF-8"?>
<!-- Generated by org.testng.reporters.JUnitReportReporter -->
<testsuite hostname="Amra" name="com.excel.ReadCsv" tests="1" failures="0" timestamp="24 Aug 2017 10:39:53 GMT" time="0.019" errors="0">
  <testcase name="ReadCsvFile" time="0.019" classname="com.excel.ReadCsv"/>
</testsuite> <!-- com.excel.ReadCsv -->
