<?xml version="1.0" encoding="UTF-8"?>
<!-- Generated by org.testng.reporters.JUnitReportReporter -->
<testsuite hostname="Amra" name="com.flipkart.pageObject.TestCase" tests="3" failures="0" timestamp="22 Sep 2017 07:07:15 GMT" time="4.222" errors="0">
  <testcase name="ProductListTest" time="3.730" classname="com.flipkart.pageObject.TestCase"/>
  <testcase name="swicthtoLoginWindow" time="0.122" classname="com.flipkart.pageObject.TestCase"/>
  <testcase name="loginPageTest" time="0.370" classname="com.flipkart.pageObject.TestCase"/>
</testsuite> <!-- com.flipkart.pageObject.TestCase -->
