<?xml version="1.0" encoding="UTF-8"?>
<!-- Generated by org.testng.reporters.JUnitReportReporter -->
<testsuite hostname="Amra" name="com.maven.selenium.WebdriverTest" tests="1" failures="0" timestamp="17 Aug 2017 11:53:35 GMT" time="10.452" errors="0">
  <testcase name="verifySearch" time="10.452" classname="com.maven.selenium.WebdriverTest"/>
</testsuite> <!-- com.maven.selenium.WebdriverTest -->
