<?xml version="1.0" encoding="UTF-8"?>
<!-- Generated by org.testng.reporters.JUnitReportReporter -->
<testsuite hostname="Amra" name="com.maven.snapdeal.TestCases" tests="3" failures="0" timestamp="22 Sep 2017 07:05:12 GMT" time="47.644" errors="0">
  <testcase name="changeSliderTest" time="2.691" classname="com.maven.snapdeal.TestCases"/>
  <testcase name="HomePageTest" time="4.690" classname="com.maven.snapdeal.TestCases"/>
  <testcase name="priceRangeTest" time="40.263" classname="com.maven.snapdeal.TestCases"/>
</testsuite> <!-- com.maven.snapdeal.TestCases -->
